0 info it worked if it ends with ok
1 verbose cli [ '/usr/bin/nodejs', '/usr/bin/npm', 'start' ]
2 info using npm@3.5.2
3 info using node@v4.2.6
4 verbose run-script [ 'prestart', 'start', 'poststart' ]
5 info lifecycle @~prestart: @
6 silly lifecycle @~prestart: no script for prestart, continuing
7 info lifecycle @~start: @
8 verbose lifecycle @~start: unsafe-perm in lifecycle true
9 verbose lifecycle @~start: PATH: /usr/share/npm/bin/node-gyp-bin:/home/yar/my_rails/news_rails/node_modules/.bin:/home/yar/.rvm/gems/ruby-2.3.1/bin:/home/yar/.rvm/gems/ruby-2.3.1@global/bin:/home/yar/.rvm/rubies/ruby-2.3.1/bin:/home/yar/bin:/home/yar/.local/bin:/home/yar/bin:/home/yar/.local/bin:/usr/local/sbin:/usr/local/bin:/usr/sbin:/usr/bin:/sbin:/bin:/usr/games:/usr/local/games:/snap/bin:/home/yar/.rvm/bin:/snap/bin:/home/yar/.rvm/bin:/home/yar/.rvm/bin
10 verbose lifecycle @~start: CWD: /home/yar/my_rails/news_rails
11 silly lifecycle @~start: Args: [ '-c', 'webpack -w --config webpack/dev.config.js' ]
12 info lifecycle @~start: Failed to exec start script
13 verbose stack Error: @ start: `webpack -w --config webpack/dev.config.js`
13 verbose stack spawn ENOENT
13 verbose stack     at ChildProcess.<anonymous> (/usr/share/npm/lib/utils/spawn.js:17:16)
13 verbose stack     at emitTwo (events.js:87:13)
13 verbose stack     at ChildProcess.emit (events.js:172:7)
13 verbose stack     at maybeClose (internal/child_process.js:821:16)
13 verbose stack     at Process.ChildProcess._handle.onexit (internal/child_process.js:211:5)
14 verbose pkgid @
15 verbose cwd /home/yar/my_rails/news_rails
16 error Linux 4.4.0-62-generic
17 error argv "/usr/bin/nodejs" "/usr/bin/npm" "start"
18 error node v4.2.6
19 error npm  v3.5.2
20 error file sh
21 error code ELIFECYCLE
22 error errno ENOENT
23 error syscall spawn
24 error @ start: `webpack -w --config webpack/dev.config.js`
24 error spawn ENOENT
25 error Failed at the @ start script 'webpack -w --config webpack/dev.config.js'.
25 error Make sure you have the latest version of node.js and npm installed.
25 error If you do, this is most likely a problem with the  package,
25 error not with npm itself.
25 error Tell the author that this fails on your system:
25 error     webpack -w --config webpack/dev.config.js
25 error You can get information on how to open an issue for this project with:
25 error     npm bugs
25 error Or if that isn't available, you can get their info via:
25 error     npm owner ls
25 error There is likely additional logging output above.
26 verbose exit [ 1, true ]
